2022-04-23 00:37:06.692 [DateSourceHikariCP housekeeper] WARN  com.zaxxer.hikari.pool.HikariPool - DateSourceHikariCP - Thread starvation or clock leap detected (housekeeper delta=2m19s435ms).
2022-04-23 00:38:53.370 [DateSourceHikariCP housekeeper] WARN  com.zaxxer.hikari.pool.HikariPool - DateSourceHikariCP - Thread starvation or clock leap detected (housekeeper delta=1m16s543ms).
2022-04-23 00:40:11.573 [DateSourceHikariCP housekeeper] WARN  com.zaxxer.hikari.pool.HikariPool - DateSourceHikariCP - Thread starvation or clock leap detected (housekeeper delta=48s191ms).
2022-04-23 00:41:29.244 [DateSourceHikariCP housekeeper] WARN  com.zaxxer.hikari.pool.HikariPool - DateSourceHikariCP - Thread starvation or clock leap detected (housekeeper delta=1m17s671ms).
2022-04-23 00:44:32.874 [DateSourceHikariCP housekeeper] WARN  com.zaxxer.hikari.pool.HikariPool - DateSourceHikariCP - Thread starvation or clock leap detected (housekeeper delta=2m33s174ms).
2022-04-23 00:46:13.978 [DateSourceHikariCP housekeeper] WARN  com.zaxxer.hikari.pool.HikariPool - DateSourceHikariCP - Thread starvation or clock leap detected (housekeeper delta=1m11s100ms).
2022-04-23 00:48:01.292 [DateSourceHikariCP housekeeper] WARN  com.zaxxer.hikari.pool.HikariPool - DateSourceHikariCP - Thread starvation or clock leap detected (housekeeper delta=1m17s300ms).
2022-04-23 00:50:17.934 [DateSourceHikariCP housekeeper] WARN  com.zaxxer.hikari.pool.HikariPool - DateSourceHikariCP - Thread starvation or clock leap detected (housekeeper delta=2m16s643ms).
2022-04-23 00:52:20.796 [DateSourceHikariCP housekeeper] WARN  com.zaxxer.hikari.pool.HikariPool - DateSourceHikariCP - Thread starvation or clock leap detected (housekeeper delta=1m32s708ms).
2022-04-23 00:56:31.383 [DateSourceHikariCP housekeeper] WARN  com.zaxxer.hikari.pool.HikariPool - DateSourceHikariCP - Thread starvation or clock leap detected (housekeeper delta=2m36s552ms).
2022-04-23 00:58:09.030 [DateSourceHikariCP housekeeper] WARN  com.zaxxer.hikari.pool.HikariPool - DateSourceHikariCP - Thread starvation or clock leap detected (housekeeper delta=1m37s646ms).
2022-04-23 00:59:35.742 [DateSourceHikariCP housekeeper] WARN  com.zaxxer.hikari.pool.HikariPool - DateSourceHikariCP - Thread starvation or clock leap detected (housekeeper delta=56s702ms).
2022-04-23 01:01:13.067 [DateSourceHikariCP housekeeper] WARN  com.zaxxer.hikari.pool.HikariPool - DateSourceHikariCP - Thread starvation or clock leap detected (housekeeper delta=1m7s318ms).
2022-04-23 02:06:48.281 [DateSourceHikariCP housekeeper] WARN  com.zaxxer.hikari.pool.HikariPool - DateSourceHikariCP - Thread starvation or clock leap detected (housekeeper delta=4m52s62ms).
2022-04-23 04:07:44.714 [DateSourceHikariCP housekeeper] WARN  com.zaxxer.hikari.pool.HikariPool - DateSourceHikariCP - Thread starvation or clock leap detected (housekeeper delta=2h26s416ms).
2022-04-23 04:27:53.985 [DateSourceHikariCP housekeeper] WARN  com.zaxxer.hikari.pool.HikariPool - DateSourceHikariCP - Thread starvation or clock leap detected (housekeeper delta=19m39s262ms).
2022-04-23 06:28:49.987 [DateSourceHikariCP housekeeper] WARN  com.zaxxer.hikari.pool.HikariPool - DateSourceHikariCP - Thread starvation or clock leap detected (housekeeper delta=2h26s12ms).
2022-04-23 07:57:37.005 [DateSourceHikariCP housekeeper] WARN  com.zaxxer.hikari.pool.HikariPool - DateSourceHikariCP - Thread starvation or clock leap detected (housekeeper delta=1h28m47s18ms).
2022-04-23 08:58:47.583 [DateSourceHikariCP housekeeper] WARN  com.zaxxer.hikari.pool.HikariPool - DateSourceHikariCP - Thread starvation or clock leap detected (housekeeper delta=1m9s975ms).
2022-04-23 09:00:26.099 [DateSourceHikariCP housekeeper] WARN  com.zaxxer.hikari.pool.HikariPool - DateSourceHikariCP - Thread starvation or clock leap detected (housekeeper delta=1m8s491ms).
2022-04-23 09:02:32.594 [DateSourceHikariCP housekeeper] WARN  com.zaxxer.hikari.pool.HikariPool - DateSourceHikariCP - Thread starvation or clock leap detected (housekeeper delta=1m36s484ms).
2022-04-23 09:06:01.235 [DateSourceHikariCP housekeeper] WARN  com.zaxxer.hikari.pool.HikariPool - DateSourceHikariCP - Thread starvation or clock leap detected (housekeeper delta=3m28s641ms).
2022-04-23 09:09:40.487 [DateSourceHikariCP housekeeper] WARN  com.zaxxer.hikari.pool.HikariPool - DateSourceHikariCP - Thread starvation or clock leap detected (housekeeper delta=3m9s241ms).
2022-04-23 09:15:29.118 [DateSourceHikariCP housekeeper] WARN  com.zaxxer.hikari.pool.HikariPool - DateSourceHikariCP - Thread starvation or clock leap detected (housekeeper delta=5m18s626ms).
2022-04-23 09:17:51.924 [DateSourceHikariCP housekeeper] WARN  com.zaxxer.hikari.pool.HikariPool - DateSourceHikariCP - Thread starvation or clock leap detected (housekeeper delta=1m52s791ms).
2022-04-23 09:18:54.408 [DateSourceHikariCP housekeeper] WARN  com.zaxxer.hikari.pool.HikariPool - DateSourceHikariCP - Thread starvation or clock leap detected (housekeeper delta=1m2s484ms).
2022-04-23 09:24:17.769 [DateSourceHikariCP housekeeper] WARN  com.zaxxer.hikari.pool.HikariPool - DateSourceHikariCP - Thread starvation or clock leap detected (housekeeper delta=4m53s355ms).
2022-04-23 09:27:43.951 [DateSourceHikariCP housekeeper] WARN  com.zaxxer.hikari.pool.HikariPool - DateSourceHikariCP - Thread starvation or clock leap detected (housekeeper delta=1m50s467ms).
2022-04-23 09:30:24.076 [DateSourceHikariCP housekeeper] WARN  com.zaxxer.hikari.pool.HikariPool - DateSourceHikariCP - Thread starvation or clock leap detected (housekeeper delta=2m40s125ms).
2022-04-23 09:31:59.952 [DateSourceHikariCP housekeeper] WARN  com.zaxxer.hikari.pool.HikariPool - DateSourceHikariCP - Thread starvation or clock leap detected (housekeeper delta=1m5s871ms).
2022-04-23 09:33:52.390 [DateSourceHikariCP housekeeper] WARN  com.zaxxer.hikari.pool.HikariPool - DateSourceHikariCP - Thread starvation or clock leap detected (housekeeper delta=1m22s434ms).
2022-04-23 09:35:18.446 [DateSourceHikariCP housekeeper] WARN  com.zaxxer.hikari.pool.HikariPool - DateSourceHikariCP - Thread starvation or clock leap detected (housekeeper delta=56s44ms).
2022-04-23 09:38:21.408 [DateSourceHikariCP housekeeper] WARN  com.zaxxer.hikari.pool.HikariPool - DateSourceHikariCP - Thread starvation or clock leap detected (housekeeper delta=3m2s963ms).
2022-04-23 09:39:42.891 [DateSourceHikariCP housekeeper] WARN  com.zaxxer.hikari.pool.HikariPool - DateSourceHikariCP - Thread starvation or clock leap detected (housekeeper delta=51s472ms).
2022-04-23 09:42:04.200 [DateSourceHikariCP housekeeper] WARN  com.zaxxer.hikari.pool.HikariPool - DateSourceHikariCP - Thread starvation or clock leap detected (housekeeper delta=1m51s303ms).
2022-04-23 09:48:35.784 [DateSourceHikariCP housekeeper] WARN  com.zaxxer.hikari.pool.HikariPool - DateSourceHikariCP - Thread starvation or clock leap detected (housekeeper delta=6m31s584ms).
2022-04-23 09:52:02.614 [DateSourceHikariCP housekeeper] WARN  com.zaxxer.hikari.pool.HikariPool - DateSourceHikariCP - Thread starvation or clock leap detected (housekeeper delta=2m56s55ms).
2022-04-23 11:58:18.000 [SpringContextShutdownHook] INFO  o.s.s.c.ThreadPoolTaskExecutor - Shutting down ExecutorService 'applicationTaskExecutor'
2022-04-23 11:58:18.177 [SpringContextShutdownHook] INFO  com.zaxxer.hikari.HikariDataSource - DateSourceHikariCP - Shutdown initiated...
2022-04-23 11:58:18.552 [SpringContextShutdownHook] INFO  com.zaxxer.hikari.HikariDataSource - DateSourceHikariCP - Shutdown completed.
