2022-04-06 17:21:46.329 [main] INFO  art.knowledgeplanet.user.Application - Starting Application on zhouyuzhendeMBP with PID 92688 (started by ethan in /Users/ethan/Documents/New Grad/Project/knowledge-planet-dev)
2022-04-06 17:21:46.332 [main] INFO  art.knowledgeplanet.user.Application - The following profiles are active: prod
2022-04-06 17:21:46.978 [main] INFO  o.s.b.w.e.tomcat.TomcatWebServer - Tomcat initialized with port(s): 8103 (http)
2022-04-06 17:21:46.986 [main] INFO  o.a.coyote.http11.Http11NioProtocol - Initializing ProtocolHandler ["http-nio-8103"]
2022-04-06 17:21:46.987 [main] INFO  o.a.catalina.core.StandardService - Starting service [Tomcat]
2022-04-06 17:21:46.987 [main] INFO  o.a.catalina.core.StandardEngine - Starting Servlet engine: [Apache Tomcat/9.0.31]
2022-04-06 17:21:47.051 [main] INFO  o.a.c.c.C.[Tomcat].[localhost].[/] - Initializing Spring embedded WebApplicationContext
2022-04-06 17:21:47.051 [main] INFO  o.s.web.context.ContextLoader - Root WebApplicationContext: initialization completed in 665 ms
2022-04-06 17:21:47.225 [main] INFO  o.s.s.c.ThreadPoolTaskExecutor - Initializing ExecutorService 'applicationTaskExecutor'
2022-04-06 17:21:47.338 [main] INFO  o.a.coyote.http11.Http11NioProtocol - Starting ProtocolHandler ["http-nio-8103"]
2022-04-06 17:21:47.356 [main] INFO  o.s.b.w.e.tomcat.TomcatWebServer - Tomcat started on port(s): 8103 (http) with context path ''
2022-04-06 17:21:47.359 [main] INFO  art.knowledgeplanet.user.Application - Started Application in 1.369 seconds (JVM running for 1.961)
2022-04-06 17:21:50.647 [http-nio-8103-exec-1] INFO  o.a.c.c.C.[Tomcat].[localhost].[/] - Initializing Spring DispatcherServlet 'dispatcherServlet'
2022-04-06 17:21:50.648 [http-nio-8103-exec-1] INFO  o.s.web.servlet.DispatcherServlet - Initializing Servlet 'dispatcherServlet'
2022-04-06 17:21:50.653 [http-nio-8103-exec-1] INFO  o.s.web.servlet.DispatcherServlet - Completed initialization in 5 ms
2022-04-06 17:21:50.668 [http-nio-8103-exec-1] INFO  a.k.user.controller.HelloController - info: hello~
2022-04-06 17:21:50.668 [http-nio-8103-exec-1] WARN  a.k.user.controller.HelloController - warn: hello~
2022-04-06 17:21:50.668 [http-nio-8103-exec-1] ERROR a.k.user.controller.HelloController - error: hello~
2022-04-06 17:22:02.476 [SpringContextShutdownHook] INFO  o.s.s.c.ThreadPoolTaskExecutor - Shutting down ExecutorService 'applicationTaskExecutor'
2022-04-06 17:33:15.537 [main] INFO  art.knowledgeplanet.user.Application - Starting Application on zhouyuzhendeMBP with PID 93156 (started by ethan in /Users/ethan/Documents/New Grad/Project/knowledge-planet-dev)
2022-04-06 17:33:15.540 [main] INFO  art.knowledgeplanet.user.Application - The following profiles are active: prod
2022-04-06 17:33:16.314 [main] INFO  o.s.b.w.e.tomcat.TomcatWebServer - Tomcat initialized with port(s): 8103 (http)
2022-04-06 17:33:16.322 [main] INFO  o.a.coyote.http11.Http11NioProtocol - Initializing ProtocolHandler ["http-nio-8103"]
2022-04-06 17:33:16.322 [main] INFO  o.a.catalina.core.StandardService - Starting service [Tomcat]
2022-04-06 17:33:16.323 [main] INFO  o.a.catalina.core.StandardEngine - Starting Servlet engine: [Apache Tomcat/9.0.31]
2022-04-06 17:33:16.370 [main] INFO  o.a.c.c.C.[Tomcat].[localhost].[/] - Initializing Spring embedded WebApplicationContext
2022-04-06 17:33:16.370 [main] INFO  o.s.web.context.ContextLoader - Root WebApplicationContext: initialization completed in 799 ms
2022-04-06 17:33:16.482 [main] INFO  o.s.s.c.ThreadPoolTaskExecutor - Initializing ExecutorService 'applicationTaskExecutor'
2022-04-06 17:33:16.592 [main] INFO  o.a.coyote.http11.Http11NioProtocol - Starting ProtocolHandler ["http-nio-8103"]
2022-04-06 17:33:16.612 [main] INFO  o.s.b.w.e.tomcat.TomcatWebServer - Tomcat started on port(s): 8103 (http) with context path ''
2022-04-06 17:33:16.617 [main] INFO  art.knowledgeplanet.user.Application - Started Application in 1.519 seconds (JVM running for 2.211)
2022-04-06 17:33:20.848 [http-nio-8103-exec-1] INFO  o.a.c.c.C.[Tomcat].[localhost].[/] - Initializing Spring DispatcherServlet 'dispatcherServlet'
2022-04-06 17:33:20.849 [http-nio-8103-exec-1] INFO  o.s.web.servlet.DispatcherServlet - Initializing Servlet 'dispatcherServlet'
2022-04-06 17:33:20.858 [http-nio-8103-exec-1] INFO  o.s.web.servlet.DispatcherServlet - Completed initialization in 9 ms
2022-04-06 17:33:20.876 [http-nio-8103-exec-1] INFO  a.k.user.controller.HelloController - info: hello~
2022-04-06 17:33:20.876 [http-nio-8103-exec-1] WARN  a.k.user.controller.HelloController - warn: hello~
2022-04-06 17:33:20.876 [http-nio-8103-exec-1] ERROR a.k.user.controller.HelloController - error: hello~
2022-04-06 17:33:37.544 [SpringContextShutdownHook] INFO  o.s.s.c.ThreadPoolTaskExecutor - Shutting down ExecutorService 'applicationTaskExecutor'
2022-04-06 17:33:41.884 [main] INFO  art.knowledgeplanet.user.Application - Starting Application on zhouyuzhendeMBP with PID 93177 (started by ethan in /Users/ethan/Documents/New Grad/Project/knowledge-planet-dev)
2022-04-06 17:33:41.886 [main] INFO  art.knowledgeplanet.user.Application - The following profiles are active: prod
2022-04-06 17:33:42.547 [main] INFO  o.s.b.w.e.tomcat.TomcatWebServer - Tomcat initialized with port(s): 8103 (http)
2022-04-06 17:33:42.554 [main] INFO  o.a.coyote.http11.Http11NioProtocol - Initializing ProtocolHandler ["http-nio-8103"]
2022-04-06 17:33:42.555 [main] INFO  o.a.catalina.core.StandardService - Starting service [Tomcat]
2022-04-06 17:33:42.555 [main] INFO  o.a.catalina.core.StandardEngine - Starting Servlet engine: [Apache Tomcat/9.0.31]
2022-04-06 17:33:42.605 [main] INFO  o.a.c.c.C.[Tomcat].[localhost].[/] - Initializing Spring embedded WebApplicationContext
2022-04-06 17:33:42.605 [main] INFO  o.s.web.context.ContextLoader - Root WebApplicationContext: initialization completed in 680 ms
2022-04-06 17:33:42.724 [main] INFO  o.s.s.c.ThreadPoolTaskExecutor - Initializing ExecutorService 'applicationTaskExecutor'
2022-04-06 17:33:42.858 [main] INFO  o.a.coyote.http11.Http11NioProtocol - Starting ProtocolHandler ["http-nio-8103"]
2022-04-06 17:33:42.876 [main] INFO  o.s.b.w.e.tomcat.TomcatWebServer - Tomcat started on port(s): 8103 (http) with context path ''
2022-04-06 17:33:42.879 [main] INFO  art.knowledgeplanet.user.Application - Started Application in 1.439 seconds (JVM running for 2.037)
2022-04-06 17:33:45.053 [http-nio-8103-exec-1] INFO  o.a.c.c.C.[Tomcat].[localhost].[/] - Initializing Spring DispatcherServlet 'dispatcherServlet'
2022-04-06 17:33:45.053 [http-nio-8103-exec-1] INFO  o.s.web.servlet.DispatcherServlet - Initializing Servlet 'dispatcherServlet'
2022-04-06 17:33:45.076 [http-nio-8103-exec-1] INFO  o.s.web.servlet.DispatcherServlet - Completed initialization in 23 ms
2022-04-06 17:33:45.136 [http-nio-8103-exec-1] INFO  a.k.user.controller.HelloController - info: hello~
2022-04-06 17:33:45.136 [http-nio-8103-exec-1] WARN  a.k.user.controller.HelloController - warn: hello~
2022-04-06 17:33:45.136 [http-nio-8103-exec-1] ERROR a.k.user.controller.HelloController - error: hello~
2022-04-06 17:33:47.048 [http-nio-8103-exec-2] INFO  a.k.user.controller.HelloController - info: hello~
2022-04-06 17:33:47.048 [http-nio-8103-exec-2] WARN  a.k.user.controller.HelloController - warn: hello~
2022-04-06 17:33:47.048 [http-nio-8103-exec-2] ERROR a.k.user.controller.HelloController - error: hello~
2022-04-06 17:33:57.960 [SpringContextShutdownHook] INFO  o.s.s.c.ThreadPoolTaskExecutor - Shutting down ExecutorService 'applicationTaskExecutor'
